#
# A fatal error has been detected by the Java Runtime Environment:
#
#  SIGSEGV (0xb) at pc=0x00007fff6bc78c92, pid=9220, tid=5635
#
# JRE version:  (10.0.1+10) (build )
# Java VM: Java HotSpot(TM) 64-Bit Server VM (10.0.1+10, mixed mode, aot, tiered, compressed oops, g1 gc, bsd-amd64)
# Problematic frame:
# C  [libsystem_platform.dylib+0x1c92]  _platform_strlen+0x12
#
# No core dump will be written. Core dumps have been disabled. To enable core dumping, try "ulimit -c unlimited" before starting Java again
#
# If you would like to submit a bug report, please visit:
#   http://bugreport.java.com/bugreport/crash.jsp
#

---------------  S U M M A R Y ------------

Command Line: -Dorg.gradle.appname=gradlew org.gradle.wrapper.GradleWrapperMain run

Host: MacBookPro14,3 x86_64 2800 MHz, 8 cores, 16G, Darwin 19.3.0
Time: Fri Apr 24 10:24:56 2020 CEST elapsed time: 0 seconds (0d 0h 0m 0s)

---------------  T H R E A D  ---------------

Current thread (0x00007fa623001800):  JavaThread "Unknown thread" [_thread_in_vm, id=5635, stack(0x000070000b999000,0x000070000ba99000)]

Stack: [0x000070000b999000,0x000070000ba99000],  sp=0x000070000ba98b30,  free space=1022k
Native frames: (J=compiled Java code, A=aot compiled Java code, j=interpreted, Vv=VM code, C=native code)
C  [libsystem_platform.dylib+0x1c92]  _platform_strlen+0x12
V  [libjvm.dylib+0x216916]  ClassLoader::setup_boot_search_path(char const*)+0x20
V  [libjvm.dylib+0x219242]  ClassLoader::initialize()+0x5fc
V  [libjvm.dylib+0x3b9b47]  init_globals()+0x2d
V  [libjvm.dylib+0x74a19e]  Threads::create_vm(JavaVMInitArgs*, bool*)+0x354
V  [libjvm.dylib+0x423301]  JNI_CreateJavaVM+0x70
C  [java+0x45a8]  JavaMain+0x113
C  [libsystem_pthread.dylib+0x5e65]  _pthread_start+0x94
C  [libsystem_pthread.dylib+0x183b]  thread_start+0xf
C  0x0000000000000000


siginfo: si_signo: 11 (SIGSEGV), si_code: 1 (SEGV_MAPERR), si_addr: 0x0000000000000000

Registers:
RAX=0x00000001047a830a, RBX=0x00007fa623001800, RCX=0x0000000000000000, RDX=0x0000000000000000
RSP=0x000070000ba98b30, RBP=0x000070000ba98b30, RSI=0x0000000000000000, RDI=0x0000000000000000
R8 =0x0000000000000000, R9 =0x0000000000000000, R10=0x0000000000000000, R11=0x0000000000000000
R12=0x00007fa623001800, R13=0x00000001047af548, R14=0x5ea42daf887300e0, R15=0x000070000ba98ee7
RIP=0x00007fff6bc78c92, EFLAGS=0x0000000000010246, ERR=0x0000000000000004
  TRAPNO=0x000000000000000e

Top of Stack: (sp=0x000070000ba98b30)
0x000070000ba98b30:   000070000ba98c60 0000000104016916
0x000070000ba98b40:   000070000ba98b50 000000010446d53b
0x000070000ba98b50:   000070000ba98c00 000000010446bb00
0x000070000ba98b60:   0000000000000000 0000000000000022
0x000070000ba98b70:   0000003000000020 000070000ba98ba0
0x000070000ba98b80:   000070000ba98ac0 5ea42daf887300e0
0x000070000ba98b90:   0000000102d1801c 0000000000000002
0x000070000ba98ba0:   0000000000000008 0000000000000038
0x000070000ba98bb0:   000070000ba98be0 000000010440fad1
0x000070000ba98bc0:   00007fa622c00f00 00007fa622c04020
0x000070000ba98bd0:   00007fa622c04020 00007fa622f04d60
0x000070000ba98be0:   000070000ba98c20 000000010446bee5
0x000070000ba98bf0:   0000000000000000 00007fa622c04020
0x000070000ba98c00:   00007fa622c04020 0000000000000004
0x000070000ba98c10:   5ea42daf887300e0 0000000000000000
0x000070000ba98c20:   00007fa623001800 00000001047af548
0x000070000ba98c30:   5ea42daf887300e0 00007fa623001800
0x000070000ba98c40:   00007fa623001800 00000001047af548
0x000070000ba98c50:   5ea42daf887300e0 000070000ba98ee7
0x000070000ba98c60:   000070000ba98c80 0000000104019242
0x000070000ba98c70:   00007fa623001800 00007fa623001800
0x000070000ba98c80:   000070000ba98cd0 00000001041b9b47
0x000070000ba98c90:   00007fa623001800 00007fa622c00dd0
0x000070000ba98ca0:   00007fa622c00e10 00007fa622c00e20
0x000070000ba98cb0:   00007fa622c00ef8 00000000000000d8
0x000070000ba98cc0:   00007fa622c010b0 00007fa623001800
0x000070000ba98cd0:   000070000ba98e70 000000010454a19e
0x000070000ba98ce0:   0000000000000000 0000000000000000
0x000070000ba98cf0:   0000000000000000 0000000000000000
0x000070000ba98d00:   0000000000000000 0000000000000000
0x000070000ba98d10:   0000000000000000 0000000000000000
0x000070000ba98d20:   0000000000000000 0000000000000000 

Instructions: (pc=0x00007fff6bc78c92)
0x00007fff6bc78c72:   90 90 90 90 90 90 90 90 90 90 90 90 90 90 55 48
0x00007fff6bc78c82:   89 e5 48 89 f9 48 89 fa 48 83 e7 f0 66 0f ef c0
0x00007fff6bc78c92:   66 0f 74 07 66 0f d7 f0 48 83 e1 0f 48 83 c8 ff
0x00007fff6bc78ca2:   48 d3 e0 21 c6 74 17 0f bc c6 48 29 d7 48 01 f8 


---------------  P R O C E S S  ---------------

Threads class SMR info:
_java_thread_list=0x00007fa622f02a10, length=0, elements={
}

Java Threads: ( => current thread )

Other Threads:

[error occurred during error reporting (printing all threads), id 0xb]

VM state:not at safepoint (not fully initialized)

VM Mutex/Monitor currently owned by a thread: None


[error occurred during error reporting (printing compressed oops mode), id 0xb]

Deoptimization events (0 events):
No events

Classes redefined (0 events):
No events

Internal exceptions (0 events):
No events

Events (0 events):
No events


Dynamic libraries:
0x00007fff333e3000 	/System/Library/Frameworks/Cocoa.framework/Versions/A/Cocoa
0x00007fff409b1000 	/System/Library/Frameworks/Security.framework/Versions/A/Security
0x00007fff3236d000 	/System/Library/Frameworks/ApplicationServices.framework/Versions/A/ApplicationServices
0x00007fff6adde000 	/usr/lib/libz.1.dylib
0x00007fff688ad000 	/usr/lib/libSystem.B.dylib
0x00007fff3435a000 	/System/Library/Frameworks/CoreFoundation.framework/Versions/A/CoreFoundation
0x00007fff36a1f000 	/System/Library/Frameworks/Foundation.framework/Versions/C/Foundation
0x00007fff6a702000 	/usr/lib/libobjc.A.dylib
0x00007fff31562000 	/System/Library/Frameworks/AppKit.framework/Versions/C/AppKit
0x00007fff33e66000 	/System/Library/Frameworks/CoreData.framework/Versions/A/CoreData
0x00007fff65155000 	/System/Library/PrivateFrameworks/UIFoundation.framework/Versions/A/UIFoundation
0x00007fff5f931000 	/System/Library/PrivateFrameworks/RemoteViewServices.framework/Versions/A/RemoteViewServices
0x00007fff67be8000 	/System/Library/PrivateFrameworks/XCTTargetBootstrap.framework/Versions/A/XCTTargetBootstrap
0x00007fff34249000 	/System/Library/Frameworks/CoreDisplay.framework/Versions/A/CoreDisplay
0x00007fff39797000 	/System/Library/Frameworks/Metal.framework/Versions/A/Metal
0x00007fff4dd37000 	/System/Library/PrivateFrameworks/DesktopServicesPriv.framework/Versions/A/DesktopServicesPriv
0x00007fff699e3000 	/usr/lib/liblangid.dylib
0x00007fff4ce83000 	/System/Library/PrivateFrameworks/CoreSVG.framework/Versions/A/CoreSVG
0x00007fff626f8000 	/System/Library/PrivateFrameworks/SkyLight.framework/Versions/A/SkyLight
0x00007fff347dc000 	/System/Library/Frameworks/CoreGraphics.framework/Versions/A/CoreGraphics
0x00007fff30101000 	/System/Library/Frameworks/Accelerate.framework/Versions/A/Accelerate
0x00007fff6accf000 	/usr/lib/libxml2.2.dylib
0x00007fff58a5b000 	/System/Library/PrivateFrameworks/IconServices.framework/Versions/A/IconServices
0x00007fff37204000 	/System/Library/Frameworks/IOSurface.framework/Versions/A/IOSurface
0x00007fff683e5000 	/usr/lib/libDiagnosticMessagesClient.dylib
0x00007fff4dbb0000 	/System/Library/PrivateFrameworks/DFRFoundation.framework/Versions/A/DFRFoundation
0x00007fff69771000 	/usr/lib/libicucore.A.dylib
0x00007fff3269f000 	/System/Library/Frameworks/AudioToolbox.framework/Versions/A/AudioToolbox
0x00007fff32781000 	/System/Library/Frameworks/AudioUnit.framework/Versions/A/AudioUnit
0x00007fff68aae000 	/usr/lib/libauto.dylib
0x00007fff4dc31000 	/System/Library/PrivateFrameworks/DataDetectorsCore.framework/Versions/A/DataDetectorsCore
0x00007fff32f03000 	/System/Library/Frameworks/Carbon.framework/Versions/A/Frameworks/HIToolbox.framework/Versions/A/HIToolbox
0x00007fff3fbe2000 	/System/Library/Frameworks/QuartzCore.framework/Versions/A/QuartzCore
0x00007fff33242000 	/System/Library/Frameworks/Carbon.framework/Versions/A/Frameworks/SpeechRecognition.framework/Versions/A/SpeechRecognition
0x00007fff4d536000 	/System/Library/PrivateFrameworks/CoreUI.framework/Versions/A/CoreUI
0x00007fff338cc000 	/System/Library/Frameworks/CoreAudio.framework/Versions/A/CoreAudio
0x00007fff366e7000 	/System/Library/Frameworks/DiskArbitration.framework/Versions/A/DiskArbitration
0x00007fff5aa70000 	/System/Library/PrivateFrameworks/MultitouchSupport.framework/Versions/A/MultitouchSupport
0x00007fff69637000 	/usr/lib/libenergytrace.dylib
0x00007fff3715f000 	/System/Library/Frameworks/IOKit.framework/Versions/A/IOKit
0x00007fff3574a000 	/System/Library/Frameworks/CoreServices.framework/Versions/A/CoreServices
0x00007fff5cb7d000 	/System/Library/PrivateFrameworks/PerformanceAnalysis.framework/Versions/A/PerformanceAnalysis
0x00007fff3ec18000 	/System/Library/Frameworks/OpenGL.framework/Versions/A/OpenGL
0x00007fff333f1000 	/System/Library/Frameworks/ColorSync.framework/Versions/A/ColorSync
0x00007fff34e63000 	/System/Library/Frameworks/CoreImage.framework/Versions/A/CoreImage
0x00007fff361c0000 	/System/Library/Frameworks/CoreText.framework/Versions/A/CoreText
0x00007fff3728a000 	/System/Library/Frameworks/ImageIO.framework/Versions/A/ImageIO
0x00007fff68b93000 	/usr/lib/libc++.1.dylib
0x00007fff68c0f000 	/usr/lib/libcompression.dylib
0x00007fff68727000 	/usr/lib/libMobileGestalt.dylib
0x00007fff64237000 	/System/Library/PrivateFrameworks/TextureIO.framework/Versions/A/TextureIO
0x00007fff68a14000 	/usr/lib/libate.dylib
0x00007fff58c64000 	/System/Library/PrivateFrameworks/InternationalSupport.framework/Versions/A/InternationalSupport
0x00007fff6b854000 	/usr/lib/system/libcache.dylib
0x00007fff6b85a000 	/usr/lib/system/libcommonCrypto.dylib
0x00007fff6b866000 	/usr/lib/system/libcompiler_rt.dylib
0x00007fff6b86e000 	/usr/lib/system/libcopyfile.dylib
0x00007fff6b878000 	/usr/lib/system/libcorecrypto.dylib
0x00007fff6ba26000 	/usr/lib/system/libdispatch.dylib
0x00007fff6ba68000 	/usr/lib/system/libdyld.dylib
0x00007fff6ba9e000 	/usr/lib/system/libkeymgr.dylib
0x00007fff6baac000 	/usr/lib/system/liblaunch.dylib
0x00007fff6baad000 	/usr/lib/system/libmacho.dylib
0x00007fff6bab3000 	/usr/lib/system/libquarantine.dylib
0x00007fff6bab6000 	/usr/lib/system/libremovefile.dylib
0x00007fff6bab8000 	/usr/lib/system/libsystem_asl.dylib
0x00007fff6bad0000 	/usr/lib/system/libsystem_blocks.dylib
0x00007fff6bad1000 	/usr/lib/system/libsystem_c.dylib
0x00007fff6bb59000 	/usr/lib/system/libsystem_configuration.dylib
0x00007fff6bb5d000 	/usr/lib/system/libsystem_coreservices.dylib
0x00007fff6bb61000 	/usr/lib/system/libsystem_darwin.dylib
0x00007fff6bb6a000 	/usr/lib/system/libsystem_dnssd.dylib
0x00007fff6bb72000 	/usr/lib/system/libsystem_featureflags.dylib
0x00007fff6bb74000 	/usr/lib/system/libsystem_info.dylib
0x00007fff6bbef000 	/usr/lib/system/libsystem_m.dylib
0x00007fff6bc37000 	/usr/lib/system/libsystem_malloc.dylib
0x00007fff6bc5f000 	/usr/lib/system/libsystem_networkextension.dylib
0x00007fff6bc6d000 	/usr/lib/system/libsystem_notify.dylib
0x00007fff6bc8c000 	/usr/lib/system/libsystem_sandbox.dylib
0x00007fff6bc91000 	/usr/lib/system/libsystem_secinit.dylib
0x00007fff6bbc2000 	/usr/lib/system/libsystem_kernel.dylib
0x00007fff6bc77000 	/usr/lib/system/libsystem_platform.dylib
0x00007fff6bc81000 	/usr/lib/system/libsystem_pthread.dylib
0x00007fff6bc94000 	/usr/lib/system/libsystem_symptoms.dylib
0x00007fff6bc9c000 	/usr/lib/system/libsystem_trace.dylib
0x00007fff6bcb4000 	/usr/lib/system/libunwind.dylib
0x00007fff6bcba000 	/usr/lib/system/libxpc.dylib
0x00007fff68be7000 	/usr/lib/libc++abi.dylib
0x00007fff699e5000 	/usr/lib/liblzma.5.dylib
0x00007fff6965f000 	/usr/lib/libfakelink.dylib
0x00007fff689a1000 	/usr/lib/libarchive.2.dylib
0x00007fff41b53000 	/System/Library/Frameworks/SystemConfiguration.framework/Versions/A/SystemConfiguration
0x00007fff68316000 	/usr/lib/libCRFSuite.dylib
0x00007fff32af7000 	/System/Library/Frameworks/CFNetwork.framework/Versions/A/CFNetwork
0x00007fff68b75000 	/usr/lib/libbsm.0.dylib
0x00007fff6ba9f000 	/usr/lib/system/libkxld.dylib
0x00007fff47667000 	/System/Library/PrivateFrameworks/AppleFSCompression.framework/Versions/A/AppleFSCompression
0x00007fff68ef6000 	/usr/lib/libcoretls.dylib
0x00007fff68f0d000 	/usr/lib/libcoretls_cfhelpers.dylib
0x00007fff6a746000 	/usr/lib/libpam.2.dylib
0x00007fff6a879000 	/usr/lib/libsqlite3.dylib
0x00007fff6acbc000 	/usr/lib/libxar.1.dylib
0x00007fff68b86000 	/usr/lib/libbz2.1.0.dylib
0x00007fff69680000 	/usr/lib/libiconv.2.dylib
0x00007fff68bfc000 	/usr/lib/libcharset.1.dylib
0x00007fff6a1ed000 	/usr/lib/libnetwork.dylib
0x00007fff6a74d000 	/usr/lib/libpcap.A.dylib
0x00007fff68956000 	/usr/lib/libapple_nghttp2.dylib
0x00007fff35b01000 	/System/Library/Frameworks/CoreServices.framework/Versions/A/Frameworks/FSEvents.framework/Versions/A/FSEvents
0x00007fff357d1000 	/System/Library/Frameworks/CoreServices.framework/Versions/A/Frameworks/CarbonCore.framework/Versions/A/CarbonCore
0x00007fff35d44000 	/System/Library/Frameworks/CoreServices.framework/Versions/A/Frameworks/Metadata.framework/Versions/A/Metadata
0x00007fff35ddd000 	/System/Library/Frameworks/CoreServices.framework/Versions/A/Frameworks/OSServices.framework/Versions/A/OSServices
0x00007fff35e0b000 	/System/Library/Frameworks/CoreServices.framework/Versions/A/Frameworks/SearchKit.framework/Versions/A/SearchKit
0x00007fff3574b000 	/System/Library/Frameworks/CoreServices.framework/Versions/A/Frameworks/AE.framework/Versions/A/AE
0x00007fff35b0a000 	/System/Library/Frameworks/CoreServices.framework/Versions/A/Frameworks/LaunchServices.framework/Versions/A/LaunchServices
0x00007fff35ab3000 	/System/Library/Frameworks/CoreServices.framework/Versions/A/Frameworks/DictionaryServices.framework/Versions/A/DictionaryServices
0x00007fff35e73000 	/System/Library/Frameworks/CoreServices.framework/Versions/A/Frameworks/SharedFileList.framework/Versions/A/SharedFileList
0x00007fff3aa6c000 	/System/Library/Frameworks/NetFS.framework/Versions/A/NetFS
0x00007fff5afa0000 	/System/Library/PrivateFrameworks/NetAuth.framework/Versions/A/NetAuth
0x00007fff67fb3000 	/System/Library/PrivateFrameworks/login.framework/Versions/A/Frameworks/loginsupport.framework/Versions/A/loginsupport
0x00007fff63d32000 	/System/Library/PrivateFrameworks/TCC.framework/Versions/A/TCC
0x00007fff4c252000 	/System/Library/PrivateFrameworks/CoreNLP.framework/Versions/A/CoreNLP
0x00007fff5a4a0000 	/System/Library/PrivateFrameworks/MetadataUtilities.framework/Versions/A/MetadataUtilities
0x00007fff69abd000 	/usr/lib/libmecabra.dylib
0x00007fff69a15000 	/usr/lib/libmecab.dylib
0x00007fff69670000 	/usr/lib/libgermantok.dylib
0x00007fff6893d000 	/usr/lib/libThaiTokenizer.dylib
0x00007fff6834e000 	/usr/lib/libChineseTokenizer.dylib
0x00007fff30119000 	/System/Library/Frameworks/Accelerate.framework/Versions/A/Frameworks/vImage.framework/Versions/A/vImage
0x00007fff313bc000 	/System/Library/Frameworks/Accelerate.framework/Versions/A/Frameworks/vecLib.framework/Versions/A/vecLib
0x00007fff31300000 	/System/Library/Frameworks/Accelerate.framework/Versions/A/Frameworks/vecLib.framework/Versions/A/libvMisc.dylib
0x00007fff31126000 	/System/Library/Frameworks/Accelerate.framework/Versions/A/Frameworks/vecLib.framework/Versions/A/libvDSP.dylib
0x00007fff30785000 	/System/Library/Frameworks/Accelerate.framework/Versions/A/Frameworks/vecLib.framework/Versions/A/libBLAS.dylib
0x00007fff30ce0000 	/System/Library/Frameworks/Accelerate.framework/Versions/A/Frameworks/vecLib.framework/Versions/A/libLAPACK.dylib
0x00007fff31086000 	/System/Library/Frameworks/Accelerate.framework/Versions/A/Frameworks/vecLib.framework/Versions/A/libLinearAlgebra.dylib
0x00007fff31113000 	/System/Library/Frameworks/Accelerate.framework/Versions/A/Frameworks/vecLib.framework/Versions/A/libSparseBLAS.dylib
0x00007fff3109c000 	/System/Library/Frameworks/Accelerate.framework/Versions/A/Frameworks/vecLib.framework/Versions/A/libQuadrature.dylib
0x00007fff309ef000 	/System/Library/Frameworks/Accelerate.framework/Versions/A/Frameworks/vecLib.framework/Versions/A/libBNNS.dylib
0x00007fff310a2000 	/System/Library/Frameworks/Accelerate.framework/Versions/A/Frameworks/vecLib.framework/Versions/A/libSparse.dylib
0x00007fff59023000 	/System/Library/PrivateFrameworks/LanguageModeling.framework/Versions/A/LanguageModeling
0x00007fff4bbee000 	/System/Library/PrivateFrameworks/CoreEmoji.framework/Versions/A/CoreEmoji
0x00007fff59141000 	/System/Library/PrivateFrameworks/LinguisticData.framework/Versions/A/LinguisticData
0x00007fff590f2000 	/System/Library/PrivateFrameworks/Lexicon.framework/Versions/A/Lexicon
0x00007fff68bfd000 	/usr/lib/libcmph.dylib
0x00007fff3d63e000 	/System/Library/Frameworks/OpenDirectory.framework/Versions/A/Frameworks/CFOpenDirectory.framework/Versions/A/CFOpenDirectory
0x00007fff3d65b000 	/System/Library/Frameworks/OpenDirectory.framework/Versions/A/OpenDirectory
0x00007fff45928000 	/System/Library/PrivateFrameworks/APFS.framework/Versions/A/APFS
0x00007fff40d04000 	/System/Library/Frameworks/SecurityFoundation.framework/Versions/A/SecurityFoundation
0x00007fff6acb8000 	/usr/lib/libutil.dylib
0x00007fff4cedb000 	/System/Library/PrivateFrameworks/CoreServicesStore.framework/Versions/A/CoreServicesStore
0x00007fff40dbc000 	/System/Library/Frameworks/ServiceManagement.framework/Versions/A/ServiceManagement
0x00007fff48e1e000 	/System/Library/PrivateFrameworks/BackgroundTaskManagement.framework/Versions/A/BackgroundTaskManagement
0x00007fff6adb5000 	/usr/lib/libxslt.1.dylib
0x00007fff47ccc000 	/System/Library/PrivateFrameworks/AppleSystemInfo.framework/Versions/A/AppleSystemInfo
0x00007fff374a7000 	/System/Library/Frameworks/ImageIO.framework/Versions/A/Resources/libJPEG.dylib
0x00007fff37766000 	/System/Library/Frameworks/ImageIO.framework/Versions/A/Resources/libTIFF.dylib
0x00007fff37749000 	/System/Library/Frameworks/ImageIO.framework/Versions/A/Resources/libPng.dylib
0x00007fff373e8000 	/System/Library/Frameworks/ImageIO.framework/Versions/A/Resources/libGIF.dylib
0x00007fff373ec000 	/System/Library/Frameworks/ImageIO.framework/Versions/A/Resources/libJP2.dylib
0x00007fff37764000 	/System/Library/Frameworks/ImageIO.framework/Versions/A/Resources/libRadiance.dylib
0x00007fff69638000 	/usr/lib/libexpat.1.dylib
0x00007fff477c2000 	/System/Library/PrivateFrameworks/AppleJPEG.framework/Versions/A/AppleJPEG
0x00007fff50155000 	/System/Library/PrivateFrameworks/FontServices.framework/libFontParser.dylib
0x00007fff6700a000 	/System/Library/PrivateFrameworks/WatchdogClient.framework/Versions/A/WatchdogClient
0x00007fff586b0000 	/System/Library/PrivateFrameworks/IOAccelerator.framework/Versions/A/IOAccelerator
0x00007fff39b25000 	/System/Library/Frameworks/MetalPerformanceShaders.framework/Versions/A/MetalPerformanceShaders
0x00007fff54ea3000 	/System/Library/PrivateFrameworks/GPUWrangler.framework/Versions/A/GPUWrangler
0x00007fff586bb000 	/System/Library/PrivateFrameworks/IOPresentment.framework/Versions/A/IOPresentment
0x00007fff4dbc3000 	/System/Library/PrivateFrameworks/DSExternalDisplay.framework/Versions/A/DSExternalDisplay
0x00007fff3dfc4000 	/System/Library/Frameworks/OpenGL.framework/Versions/A/Libraries/libCoreFSCache.dylib
0x00007fff39877000 	/System/Library/Frameworks/MetalPerformanceShaders.framework/Frameworks/MPSCore.framework/Versions/A/MPSCore
0x00007fff398b4000 	/System/Library/Frameworks/MetalPerformanceShaders.framework/Frameworks/MPSImage.framework/Versions/A/MPSImage
0x00007fff39976000 	/System/Library/Frameworks/MetalPerformanceShaders.framework/Frameworks/MPSNeuralNetwork.framework/Versions/A/MPSNeuralNetwork
0x00007fff3993b000 	/System/Library/Frameworks/MetalPerformanceShaders.framework/Frameworks/MPSMatrix.framework/Versions/A/MPSMatrix
0x00007fff39ad6000 	/System/Library/Frameworks/MetalPerformanceShaders.framework/Frameworks/MPSRayIntersector.framework/Versions/A/MPSRayIntersector
0x00007fff39960000 	/System/Library/Frameworks/MetalPerformanceShaders.framework/Frameworks/MPSNDArray.framework/Versions/A/MPSNDArray
0x00007fff5a4ed000 	/System/Library/PrivateFrameworks/MetalTools.framework/Versions/A/MetalTools
0x00007fff46aed000 	/System/Library/PrivateFrameworks/AggregateDictionary.framework/Versions/A/AggregateDictionary
0x00007fff4b678000 	/System/Library/PrivateFrameworks/CoreAnalytics.framework/Versions/A/CoreAnalytics
0x00007fff47bea000 	/System/Library/PrivateFrameworks/AppleSauce.framework/Versions/A/AppleSauce
0x00007fff6860a000 	/usr/lib/libIOReport.dylib
0x00007fff36375000 	/System/Library/Frameworks/CoreVideo.framework/Versions/A/CoreVideo
0x00007fff56311000 	/System/Library/PrivateFrameworks/GraphVisualizer.framework/Versions/A/GraphVisualizer
0x00007fff4f6d6000 	/System/Library/PrivateFrameworks/FaceCore.framework/Versions/A/FaceCore
0x00007fff3d5e5000 	/System/Library/Frameworks/OpenCL.framework/Versions/A/OpenCL
0x00007fff6842c000 	/usr/lib/libFosl_dynamic.dylib
0x00007fff5b99b000 	/System/Library/PrivateFrameworks/OTSVG.framework/Versions/A/OTSVG
0x00007fff32472000 	/System/Library/Frameworks/ApplicationServices.framework/Versions/A/Frameworks/ATS.framework/Versions/A/Resources/libFontRegistry.dylib
0x00007fff50326000 	/System/Library/PrivateFrameworks/FontServices.framework/libhvf.dylib
0x00007fff3dfcf000 	/System/Library/Frameworks/OpenGL.framework/Versions/A/Libraries/libGFXShared.dylib
0x00007fff3e1ac000 	/System/Library/Frameworks/OpenGL.framework/Versions/A/Libraries/libGLU.dylib
0x00007fff3dfd8000 	/System/Library/Frameworks/OpenGL.framework/Versions/A/Libraries/libGL.dylib
0x00007fff3dfe3000 	/System/Library/Frameworks/OpenGL.framework/Versions/A/Libraries/libGLImage.dylib
0x00007fff3dfc1000 	/System/Library/Frameworks/OpenGL.framework/Versions/A/Libraries/libCVMSPluginSupport.dylib
0x00007fff3dfca000 	/System/Library/Frameworks/OpenGL.framework/Versions/A/Libraries/libCoreVMClient.dylib
0x00007fff6a08f000 	/usr/lib/libncurses.5.4.dylib
0x00007fff3236e000 	/System/Library/Frameworks/ApplicationServices.framework/Versions/A/Frameworks/ATS.framework/Versions/A/ATS
0x00007fff3253b000 	/System/Library/Frameworks/ApplicationServices.framework/Versions/A/Frameworks/ColorSyncLegacy.framework/Versions/A/ColorSyncLegacy
0x00007fff325da000 	/System/Library/Frameworks/ApplicationServices.framework/Versions/A/Frameworks/HIServices.framework/Versions/A/HIServices
0x00007fff32631000 	/System/Library/Frameworks/ApplicationServices.framework/Versions/A/Frameworks/LangAnalysis.framework/Versions/A/LangAnalysis
0x00007fff32640000 	/System/Library/Frameworks/ApplicationServices.framework/Versions/A/Frameworks/PrintCore.framework/Versions/A/PrintCore
0x00007fff32686000 	/System/Library/Frameworks/ApplicationServices.framework/Versions/A/Frameworks/QD.framework/Versions/A/QD
0x00007fff32691000 	/System/Library/Frameworks/ApplicationServices.framework/Versions/A/Frameworks/SpeechSynthesis.framework/Versions/A/SpeechSynthesis
0x00007fff3250b000 	/System/Library/Frameworks/ApplicationServices.framework/Versions/A/Frameworks/ATSUI.framework/Versions/A/ATSUI
0x00007fff694cc000 	/usr/lib/libcups.2.dylib
0x00007fff38bd4000 	/System/Library/Frameworks/Kerberos.framework/Versions/A/Kerberos
0x00007fff36e54000 	/System/Library/Frameworks/GSS.framework/Versions/A/GSS
0x00007fff6a805000 	/usr/lib/libresolv.9.dylib
0x00007fff564b2000 	/System/Library/PrivateFrameworks/Heimdal.framework/Versions/A/Heimdal
0x00007fff38be7000 	/System/Library/Frameworks/Kerberos.framework/Versions/A/Libraries/libHeimdalProxy.dylib
0x00007fff69676000 	/usr/lib/libheimdal-asn1.dylib
0x00007fff4ab1e000 	/System/Library/PrivateFrameworks/CommonAuth.framework/Versions/A/CommonAuth
0x00007fff47d69000 	/System/Library/PrivateFrameworks/AssertionServices.framework/Versions/A/AssertionServices
0x00007fff4890c000 	/System/Library/PrivateFrameworks/AudioToolboxCore.framework/Versions/A/AudioToolboxCore
0x00007fff67c64000 	/System/Library/PrivateFrameworks/caulk.framework/Versions/A/caulk
0x00007fff48eca000 	/System/Library/PrivateFrameworks/BaseBoard.framework/Versions/A/BaseBoard
0x00007fff5fac0000 	/System/Library/PrivateFrameworks/RunningBoardServices.framework/Versions/A/RunningBoardServices
0x00007fff5cb89000 	/System/Library/PrivateFrameworks/PersistentConnection.framework/Versions/A/PersistentConnection
0x00007fff5f50f000 	/System/Library/PrivateFrameworks/ProtocolBuffer.framework/Versions/A/ProtocolBuffer
0x00007fff4ab43000 	/System/Library/PrivateFrameworks/CommonUtilities.framework/Versions/A/CommonUtilities
0x00007fff4904d000 	/System/Library/PrivateFrameworks/Bom.framework/Versions/A/Bom
0x00007fff682d9000 	/usr/lib/libAudioToolboxUtility.dylib
0x00007fff48e28000 	/System/Library/PrivateFrameworks/Backup.framework/Versions/A/Backup
0x00007fff4d933000 	/System/Library/PrivateFrameworks/CrashReporterSupport.framework/Versions/A/CrashReporterSupport
0x00007fff615bc000 	/System/Library/PrivateFrameworks/Sharing.framework/Versions/A/Sharing
0x00007fff4750d000 	/System/Library/PrivateFrameworks/Apple80211.framework/Versions/A/Apple80211
0x00007fff48b4a000 	/System/Library/PrivateFrameworks/AuthKit.framework/Versions/A/AuthKit
0x00007fff4d663000 	/System/Library/PrivateFrameworks/CoreUtils.framework/Versions/A/CoreUtils
0x00007fff363ba000 	/System/Library/Frameworks/CoreWLAN.framework/Versions/A/CoreWLAN
0x00007fff36fe0000 	/System/Library/Frameworks/IOBluetooth.framework/Versions/A/IOBluetooth
0x00007fff5a7eb000 	/System/Library/PrivateFrameworks/MobileKeyBag.framework/Versions/A/MobileKeyBag
0x00007fff4c72e000 	/System/Library/PrivateFrameworks/CorePhoneNumbers.framework/Versions/A/CorePhoneNumbers
0x00007fff47775000 	/System/Library/PrivateFrameworks/AppleIDAuthSupport.framework/Versions/A/AppleIDAuthSupport
0x00007fff3aa79000 	/System/Library/Frameworks/Network.framework/Versions/A/Network
0x00007fff58eab000 	/System/Library/PrivateFrameworks/KeychainCircle.framework/Versions/A/KeychainCircle
0x00007fff33e2e000 	/System/Library/Frameworks/CoreBluetooth.framework/Versions/A/CoreBluetooth
0x00007fff63238000 	/System/Library/PrivateFrameworks/SpeechRecognitionCore.framework/Versions/A/SpeechRecognitionCore
0x00007fff28968000 	/System/Library/CoreServices/Encodings/libCyrillicConverter.dylib
0x0000000103e00000 	/Library/Java/JavaVirtualMachines/jdk-10.0.1.jdk/Contents/Home/lib/server/libjvm.dylib
0x00007fff6ab8a000 	/usr/lib/libstdc++.6.dylib
0x0000000102c7c000 	/Library/Java/JavaVirtualMachines/jdk-10.0.1.jdk/Contents/Home/lib/libverify.dylib
0x0000000102c89000 	/Library/Java/JavaVirtualMachines/jdk-10.0.1.jdk/Contents/Home/lib/libjava.dylib
0x0000000102d1f000 	/Library/Java/JavaVirtualMachines/jdk-10.0.1.jdk/Contents/Home/lib/libzip.dylib
0x0000000102d27000 	/Library/Java/JavaVirtualMachines/jdk-10.0.1.jdk/Contents/Home/lib/libjimage.dylib


VM Arguments:
jvm_args: -Dorg.gradle.appname=gradlew 
java_command: org.gradle.wrapper.GradleWrapperMain run
java_class_path (initial): /Users/ukhatov/Documents/Projects/kraski/gradle/wrapper/gradle-wrapper.jar
Launcher Type: SUN_STANDARD

Logging:
Log output configuration:
#0: stdout all=warning uptime,level,tags
#1: stderr all=off uptime,level,tags

Environment Variables:
PATH=/Users/ukhatov/.poetry/bin:/usr/local/sbin:/usr/local/bin:/usr/bin:/bin:/usr/sbin:/sbin:/anaconda3/bin:/anaconda3/bin:/usr/local/bin:/usr/bin:/bin:/usr/sbin:/sbin:/anaconda3/bin
SHELL=/bin/zsh

Signal Handlers:
SIGSEGV: [libjvm.dylib+0x79ac14], sa_mask[0]=11111111011111110111111111111111, sa_flags=SA_ONSTACK|SA_RESTART|SA_SIGINFO
SIGBUS: [libjvm.dylib+0x79ac14], sa_mask[0]=11111111011111110111111111111111, sa_flags=SA_RESTART|SA_SIGINFO
SIGFPE: [libjvm.dylib+0x79ac14], sa_mask[0]=11111111011111110111111111111111, sa_flags=SA_RESTART|SA_SIGINFO
SIGPIPE: [libjvm.dylib+0x635960], sa_mask[0]=11111111011111110111111111111111, sa_flags=SA_RESTART|SA_SIGINFO
SIGXFSZ: [libjvm.dylib+0x635960], sa_mask[0]=11111111011111110111111111111111, sa_flags=SA_RESTART|SA_SIGINFO
SIGILL: [libjvm.dylib+0x79ac14], sa_mask[0]=11111111011111110111111111111111, sa_flags=SA_RESTART|SA_SIGINFO
SIGUSR2: [libjvm.dylib+0x6361f0], sa_mask[0]=00000000000000000000000000000000, sa_flags=SA_RESTART|SA_SIGINFO
SIGHUP: SIG_DFL, sa_mask[0]=00000000000000000000000000000000, sa_flags=none
SIGINT: SIG_DFL, sa_mask[0]=00000000000000000000000000000000, sa_flags=none
SIGTERM: SIG_DFL, sa_mask[0]=00000000000000000000000000000000, sa_flags=none
SIGQUIT: SIG_DFL, sa_mask[0]=00000000000000000000000000000000, sa_flags=none


---------------  S Y S T E M  ---------------

OS:uname:Darwin 19.3.0 Darwin Kernel Version 19.3.0: Thu Jan  9 20:58:23 PST 2020; root:xnu-6153.81.5~1/RELEASE_X86_64 x86_64
rlimit: STACK 65532k, CORE 0k, NPROC 2784, NOFILE 10240, AS infinity, DATA infinity, FSIZE infinity
load average:9.31 9.75 7.15

CPU:total 8 (initial active 8) 

Memory: 4k page, physical 16777216k(2788000k free)

vm_info: Java HotSpot(TM) 64-Bit Server VM (10.0.1+10) for bsd-amd64 JRE (10.0.1+10), built on Mar 27 2018 01:13:17 by "mach5one" with gcc 4.2.1 Compatible Apple LLVM 6.1.0 (clang-602.0.49)

END.
